17/10/2019;14:39:34;Anderson;gravação do resgistro;
17/10/2019;14:39:34;Anderson;Execução de query:  INSERT INTO TB_ACAO (DATA_ACAO, ID_REUNIAO, ID_ORIGEM, ID_KPI, ID_FERRAMENTA, DESC_ACAO, DESC_COMENTARIO, PRAZO_ACAO, ID_RESPONSAVEL, ID_STATUS, DESC_FOLLOW) VALUES ('17/10/2019',3,2,222, 1 ,'açsldkfj' ,'saçldfkj' ,'24/10/2019' ,4,1,'');
17/10/2019;14:41:10;Anderson;gravação do resgistro;
17/10/2019;14:41:10;Anderson;Execução de query:  INSERT INTO TB_ACAO (DATA_ACAO, ID_REUNIAO, ID_ORIGEM, ID_KPI, ID_FERRAMENTA, DESC_ACAO, DESC_COMENTARIO, PRAZO_ACAO, ID_RESPONSAVEL, ID_STATUS, DESC_FOLLOW) VALUES ('17/10/2019',3,2,205, 1 ,'asdf' ,'sdf' ,'24/10/2019' ,2,1,'asdf');
17/10/2019;14:41:14;Anderson;Deleção de registros: DELETE FROM TB_ACAO WHERE ID_ACAO = 1968;
17/10/2019;14:43:14;Anderson;Duplicação de registro: UPDATE TB_ACAO SET ID_RESPONSAVEL=3 WHERE ID_ACAO=1965 ;
17/10/2019;14:43:18;Anderson;Deleção de registros: DELETE FROM TB_ACAO WHERE ID_ACAO = 1965;
17/10/2019;14:45:03;Anderson;Ajustamento da janela;
17/10/2019;14:45:04;Anderson;Ajustamento da janela;
17/10/2019;14:45:10;Anderson;Ajustamento da janela;
17/10/2019;14:45:12;Anderson;Fechamento do plano de acao;
17/10/2019;15:00:29;Anderson;Ajustamento da janela;
17/10/2019;15:00:30;Anderson;Abertura do plano de acao;
17/10/2019;15:00:33;Anderson;Ajustamento da janela;
17/10/2019;15:00:35;Anderson;Ajustamento da janela;
17/10/2019;15:01:05;Anderson;Ajustamento da janela;
17/10/2019;15:02:04;Anderson;Ajustamento da janela;
17/10/2019;15:03:29;Anderson;Abertura do plano de acao;
17/10/2019;15:03:29;Anderson;Fechamento do plano de acao;
17/10/2019;15:03:42;Anderson;Ajustamento da janela;
17/10/2019;15:03:42;Anderson;Abertura do plano de acao;
17/10/2019;15:03:44;Anderson;Ajustamento da janela;
17/10/2019;15:03:45;Anderson;Ajustamento da janela;
17/10/2019;15:03:47;Anderson;Ajustamento da janela;
17/10/2019;15:03:49;Anderson;Ajustamento da janela;
17/10/2019;15:03:52;Anderson;Fechamento do plano de acao;
17/10/2019;15:04:00;Anderson;Ajustamento da janela;
17/10/2019;15:04:01;Anderson;Abertura do plano de acao;
17/10/2019;15:06:28;Anderson;Fechamento do plano de acao;
17/10/2019;15:06:33;Anderson;Ajustamento da janela;
17/10/2019;15:06:33;Anderson;Abertura do plano de acao;
17/10/2019;15:06:37;Anderson;Fechamento do plano de acao;
17/10/2019;15:06:44;Anderson;Ajustamento da janela;
17/10/2019;15:06:44;Anderson;Abertura do plano de acao;
17/10/2019;15:06:48;Anderson;Fechamento do plano de acao;
17/10/2019;15:06:59;Anderson;Ajustamento da janela;
17/10/2019;15:06:59;Anderson;Abertura do plano de acao;
17/10/2019;15:08:41;Anderson;gravação do resgistro;
17/10/2019;15:08:41;Anderson;Execução de query:  INSERT INTO TB_ACAO (DATA_ACAO, ID_REUNIAO, ID_ORIGEM, ID_KPI, ID_FERRAMENTA, DESC_ACAO, DESC_COMENTARIO, PRAZO_ACAO, ID_RESPONSAVEL, ID_STATUS, DESC_FOLLOW) VALUES ('17/10/2019',4,3,204, 1 ,'fasfs' ,'asfs' ,'24/10/2019' ,2,1,'asf');
17/10/2019;15:08:46;Anderson;Deleção de registros: DELETE FROM TB_ACAO WHERE ID_ACAO = 1970;
17/10/2019;15:22:05;Anderson;Ajustamento da janela;
17/10/2019;15:23:05;Anderson;Ajustamento da janela;
17/10/2019;15:23:09;Anderson;Ajustamento da janela;
17/10/2019;15:23:12;Anderson;Ajustamento da janela;
17/10/2019;15:26:58;Anderson;Ajustamento da janela;
17/10/2019;15:27:00;Anderson;Ajustamento da janela;
17/10/2019;15:27:11;Anderson;Fechamento do plano de acao;
17/10/2019;15:35:38;Anderson;Ajustamento da janela;
17/10/2019;15:35:39;Anderson;Abertura do plano de acao;
17/10/2019;15:43:42;Anderson;Fechamento do plano de acao;
17/10/2019;15:53:10;Anderson;Ajustamento da janela;
17/10/2019;15:53:11;Anderson;Abertura do plano de acao;
17/10/2019;15:53:29;Anderson;Fechamento do plano de acao;
17/10/2019;15:55:43;Anderson;Ajustamento da janela;
17/10/2019;15:55:43;Anderson;Abertura do plano de acao;
17/10/2019;15:55:47;Anderson;Ajustamento da janela;
17/10/2019;15:55:48;Anderson;Ajustamento da janela;
17/10/2019;15:56:10;Anderson;Fechamento do plano de acao;
17/10/2019;15:57:02;Anderson;Ajustamento da janela;
17/10/2019;15:57:03;Anderson;Abertura do plano de acao;
17/10/2019;15:57:04;Anderson;Ajustamento da janela;
17/10/2019;15:57:08;Anderson;Ajustamento da janela;
17/10/2019;15:57:11;Anderson;Ajustamento da janela;
17/10/2019;15:57:12;Anderson;Ajustamento da janela;
17/10/2019;15:57:33;Anderson;Ajustamento da janela;
17/10/2019;15:57:40;Anderson;Fechamento do plano de acao;
17/10/2019;15:57:45;Anderson;Ajustamento da janela;
17/10/2019;15:57:46;Anderson;Abertura do plano de acao;
17/10/2019;15:57:54;Anderson;Ajustamento da janela;
17/10/2019;15:57:55;Anderson;Ajustamento da janela;
17/10/2019;15:58:01;Anderson;Fechamento do plano de acao;
17/10/2019;15:59:10;João;Abertura do plano de acao;
17/10/2019;15:59:11;João;Ajustamento da janela;
17/10/2019;16:01:15;João;gravação do resgistro;
17/10/2019;16:01:15;João;Execução de query:  INSERT INTO TB_ACAO (DATA_ACAO, ID_REUNIAO, ID_ORIGEM, ID_KPI, ID_FERRAMENTA, DESC_ACAO, DESC_COMENTARIO, PRAZO_ACAO, ID_RESPONSAVEL, ID_STATUS, DESC_FOLLOW) VALUES ('17/10/2019',3,3,203, 1 ,'asdf' ,'asdf' ,'24/10/2019' ,2,1,'asdf');
17/10/2019;16:01:19;João;Ajustamento da janela;
17/10/2019;16:02:07;João;Ajustamento da janela;
17/10/2019;16:02:10;João;Ajustamento da janela;
17/10/2019;16:02:12;João;Ajustamento da janela;
17/10/2019;16:02:14;João;Fechamento do plano de acao;
17/10/2019;16:02:19;João;Abertura do plano de acao;
17/10/2019;16:02:20;João;Ajustamento da janela;
17/10/2019;16:02:42;João;Ajustamento da janela;
17/10/2019;16:02:53;João;gravação do resgistro;
17/10/2019;16:02:53;João;Execução de query:  INSERT INTO TB_ACAO (DATA_ACAO, ID_REUNIAO, ID_ORIGEM, ID_KPI, ID_FERRAMENTA, DESC_ACAO, DESC_COMENTARIO, PRAZO_ACAO, ID_RESPONSAVEL, ID_STATUS, DESC_FOLLOW) VALUES ('17/10/2019',3,2,204, 1 ,'asdf' ,'asdf' ,'24/10/2019' ,3,1,'asdf');
17/10/2019;16:03:05;João;Ajustamento da janela;
17/10/2019;16:03:06;João;Ajustamento da janela;
17/10/2019;16:03:07;João;Fechamento do plano de acao;
17/10/2019;16:06:24;Altieres;Abertura do plano de acao;
17/10/2019;16:06:24;Altieres;Ajustamento da janela;
17/10/2019;16:06:48;Altieres;gravação do resgistro;
17/10/2019;16:06:48;Altieres;Execução de query:  INSERT INTO TB_ACAO (DATA_ACAO, ID_REUNIAO, ID_ORIGEM, ID_KPI, ID_FERRAMENTA, DESC_ACAO, DESC_COMENTARIO, PRAZO_ACAO, ID_RESPONSAVEL, ID_STATUS, DESC_FOLLOW) VALUES ('17/10/2019',3,3,202, 1 ,'asdf' ,'asdf' ,'24/10/2019' ,1,1,'teste');
17/10/2019;16:06:55;Altieres;Ajustamento da janela;
17/10/2019;16:07:07;Altieres;Deleção de registros: DELETE FROM TB_ACAO WHERE ID_ACAO = 1971;
17/10/2019;16:07:19;Altieres;Ajustamento da janela;
17/10/2019;16:07:25;Altieres;Fechamento do plano de acao;
17/10/2019;16:08:01;João;Abertura do plano de acao;
17/10/2019;16:08:01;João;Ajustamento da janela;
17/10/2019;16:13:25;Thiago;Abertura do plano de acao;
17/10/2019;16:13:25;Thiago;Ajustamento da janela;
17/10/2019;16:16:02;Thiago;Fechamento do plano de acao;
17/10/2019;16:16:21;Thiago;Abertura do plano de acao;
17/10/2019;16:16:21;Thiago;Ajustamento da janela;
17/10/2019;16:17:47;Thiago;gravação do resgistro;
17/10/2019;16:17:47;Thiago;Execução de query:  INSERT INTO TB_ACAO (DATA_ACAO, ID_REUNIAO, ID_ORIGEM, ID_KPI, ID_FERRAMENTA, DESC_ACAO, DESC_COMENTARIO, PRAZO_ACAO, ID_RESPONSAVEL, ID_STATUS, DESC_FOLLOW) VALUES ('17/10/2019',3,30,206, 1 ,'MILTIN ESTA MORCEGANDO E BEBENDO MUITO CAFÉ, DE UM TIRO PRO ALTO E DERRUBE ELE !!!!' ,'MORCEGÃO / TIM MAIA / JAMAL QUER VIRAR MILTIN' ,'24/10/2019' ,4,1,'');
17/10/2019;16:18:12;Thiago;Fechamento do plano de acao;
17/10/2019;16:18:22;Thiago;Abertura do plano de acao;
17/10/2019;16:18:22;Thiago;Ajustamento da janela;
17/10/2019;16:18:53;Thiago;Deleção de registros: DELETE FROM TB_ACAO WHERE ID_ACAO = 1972;
17/10/2019;16:19:52;Thiago;Fechamento do plano de acao;
17/10/2019;16:21:55;João;Fechamento do plano de acao;
17/10/2019;16:23:51;Anderson;Ajustamento da janela;
17/10/2019;16:23:52;Anderson;Abertura do plano de acao;
17/10/2019;16:24:07;Anderson;Ajustamento da janela;
17/10/2019;16:24:07;Anderson;Ajustamento da janela;
17/10/2019;16:24:20;Anderson;Ajustamento da janela;
17/10/2019;16:25:29;Anderson;Ajustamento da janela;
17/10/2019;16:25:30;Anderson;Ajustamento da janela;
17/10/2019;16:26:11;Anderson;Ajustamento da janela;
17/10/2019;16:26:16;Anderson;Ajustamento da janela;
